0 info it worked if it ends with ok
1 verbose cli [ '/usr/bin/nodejs', '/usr/bin/npm', 'run', 'lint:server' ]
2 info using npm@3.8.6
3 info using node@v5.12.0
4 verbose run-script [ 'prelint:server', 'lint:server', 'postlint:server' ]
5 info lifecycle lang@1.0.0~prelint:server: lang@1.0.0
6 silly lifecycle lang@1.0.0~prelint:server: no script for prelint:server, continuing
7 info lifecycle lang@1.0.0~lint:server: lang@1.0.0
8 verbose lifecycle lang@1.0.0~lint:server: unsafe-perm in lifecycle true
9 verbose lifecycle lang@1.0.0~lint:server: PATH: /usr/lib/node_modules/npm/bin/node-gyp-bin:/home/vasyl/github/lang/node_modules/.bin:/usr/bin:/usr/lib/git-core:/usr/local/sbin:/usr/local/bin:/usr/sbin:/usr/bin:/sbin:/bin:/usr/games:/usr/local/games
10 verbose lifecycle lang@1.0.0~lint:server: CWD: /home/vasyl/github/lang
11 silly lifecycle lang@1.0.0~lint:server: Args: [ '-c', 'eslint server/**/*.js' ]
12 silly lifecycle lang@1.0.0~lint:server: Returned: code: 1  signal: null
13 info lifecycle lang@1.0.0~lint:server: Failed to exec lint:server script
14 verbose stack Error: lang@1.0.0 lint:server: `eslint server/**/*.js`
14 verbose stack Exit status 1
14 verbose stack     at EventEmitter.<anonymous> (/usr/lib/node_modules/npm/lib/utils/lifecycle.js:239:16)
14 verbose stack     at emitTwo (events.js:100:13)
14 verbose stack     at EventEmitter.emit (events.js:185:7)
14 verbose stack     at ChildProcess.<anonymous> (/usr/lib/node_modules/npm/lib/utils/spawn.js:24:14)
14 verbose stack     at emitTwo (events.js:100:13)
14 verbose stack     at ChildProcess.emit (events.js:185:7)
14 verbose stack     at maybeClose (internal/child_process.js:850:16)
14 verbose stack     at Process.ChildProcess._handle.onexit (internal/child_process.js:215:5)
15 verbose pkgid lang@1.0.0
16 verbose cwd /home/vasyl/github/lang
17 error Linux 3.19.0-68-generic
18 error argv "/usr/bin/nodejs" "/usr/bin/npm" "run" "lint:server"
19 error node v5.12.0
20 error npm  v3.8.6
21 error code ELIFECYCLE
22 error lang@1.0.0 lint:server: `eslint server/**/*.js`
22 error Exit status 1
23 error Failed at the lang@1.0.0 lint:server script 'eslint server/**/*.js'.
23 error Make sure you have the latest version of node.js and npm installed.
23 error If you do, this is most likely a problem with the lang package,
23 error not with npm itself.
23 error Tell the author that this fails on your system:
23 error     eslint server/**/*.js
23 error You can get information on how to open an issue for this project with:
23 error     npm bugs lang
23 error Or if that isn't available, you can get their info via:
23 error     npm owner ls lang
23 error There is likely additional logging output above.
24 verbose exit [ 1, true ]
